Job 61037320 released
Load modules

Due to MODULEPATH changes, the following have been reloaded:
  1) libfabric/1.10.1     2) openmpi/4.0.3     3) ucx/1.8.0

Create virtual environemnt
created virtual environment CPython3.7.9.final.0-64 in 3050ms
  creator CPython3Posix(dest=/localscratch/tbury.61037320.0/venv, clear=False, global=False)
  seeder FromAppData(download=False, pip=latest, setuptools=latest, wheel=latest, via=copy, app_data_dir=/home/tbury/.local/share/virtualenv/seed-app-data/v1.0.1)
  activators BashActivator,CShellActivator,FishActivator,PowerShellActivator,PythonActivator,XonshActivator
Install packages
Ignoring pip: markers 'python_version < "3"' don't match your environment
Looking in links: /cvmfs/soft.computecanada.ca/custom/python/wheelhouse/gentoo/avx2, /cvmfs/soft.computecanada.ca/custom/python/wheelhouse/gentoo/generic, /cvmfs/soft.computecanada.ca/custom/python/wheelhouse/generic
Processing /cvmfs/soft.computecanada.ca/custom/python/wheelhouse/generic/pip-23.0+computecanada-py3-none-any.whl
Installing collected packages: pip
  Attempting uninstall: pip
    Found existing installation: pip 20.0.2
    Uninstalling pip-20.0.2:
      Successfully uninstalled pip-20.0.2
Successfully installed pip-23.0+computecanada
Looking in links: /cvmfs/soft.computecanada.ca/custom/python/wheelhouse/gentoo/avx2, /cvmfs/soft.computecanada.ca/custom/python/wheelhouse/gentoo/generic, /cvmfs/soft.computecanada.ca/custom/python/wheelhouse/generic
Processing /cvmfs/soft.computecanada.ca/custom/python/wheelhouse/gentoo/generic/tensorflow-2.7.0+computecanada-cp37-cp37m-linux_x86_64.whl
Processing /cvmfs/soft.computecanada.ca/custom/python/wheelhouse/generic/Keras_Preprocessing-1.1.2+computecanada-py3-none-any.whl
Processing /cvmfs/soft.computecanada.ca/custom/python/wheelhouse/generic/absl_py-1.4.0+computecanada-py3-none-any.whl
Processing /cvmfs/soft.computecanada.ca/custom/python/wheelhouse/generic/tensorflow_io_gcs_filesystem-0.22.0+computecanada-cp37-cp37m-linux_x86_64.whl
Processing /cvmfs/soft.computecanada.ca/custom/python/wheelhouse/generic/tensorflow_estimator-2.7.0+computecanada-py2.py3-none-any.whl
Processing /cvmfs/soft.computecanada.ca/custom/python/wheelhouse/gentoo/generic/numpy-1.21.4+computecanada-cp37-cp37m-linux_x86_64.whl
Processing /cvmfs/soft.computecanada.ca/custom/python/wheelhouse/generic/astunparse-1.6.3+computecanada-py2.py3-none-any.whl
Processing /cvmfs/soft.computecanada.ca/custom/python/wheelhouse/gentoo/generic/grpcio-1.38.1+computecanada-cp37-cp37m-linux_x86_64.whl
Collecting termcolor>=1.1.0
  Using cached termcolor-2.2.0-py3-none-any.whl (6.6 kB)
Processing /cvmfs/soft.computecanada.ca/custom/python/wheelhouse/generic/google_pasta-0.2.0+computecanada-py3-none-any.whl
Processing /cvmfs/soft.computecanada.ca/custom/python/wheelhouse/generic/gast-0.4.0+computecanada-py3-none-any.whl
Processing /cvmfs/soft.computecanada.ca/custom/python/wheelhouse/generic/six-1.16.0+computecanada-py2.py3-none-any.whl
Collecting tensorboard~=2.6
  Using cached tensorboard-2.11.2-py3-none-any.whl (6.0 MB)
Processing /cvmfs/soft.computecanada.ca/custom/python/wheelhouse/gentoo/generic/wrapt-1.12.1+computecanada-cp37-cp37m-linux_x86_64.whl
Processing /cvmfs/soft.computecanada.ca/custom/python/wheelhouse/gentoo/avx2/h5py-3.4.0+computecanada-cp37-cp37m-linux_x86_64.whl
Collecting protobuf>=3.9.2
  Using cached protobuf-4.22.0-py3-none-any.whl (172 kB)
Processing /cvmfs/soft.computecanada.ca/custom/python/wheelhouse/generic/typing_extensions-4.5.0+computecanada-py3-none-any.whl
Processing /cvmfs/soft.computecanada.ca/custom/python/wheelhouse/generic/keras-2.7.0+computecanada-py2.py3-none-any.whl
Processing /cvmfs/soft.computecanada.ca/custom/python/wheelhouse/generic/opt_einsum-3.3.0+computecanada-py3-none-any.whl
Collecting flatbuffers<3.0,>=1.12
  Using cached flatbuffers-2.0.7-py2.py3-none-any.whl (26 kB)
Requirement already satisfied: wheel<1.0,>=0.32.0 in /localscratch/tbury.61037320.0/venv/lib/python3.7/site-packages (from tensorflow) (0.34.2)
Processing /cvmfs/soft.computecanada.ca/custom/python/wheelhouse/generic/libclang-14.0.1+computecanada-py2.py3-none-linux_x86_64.whl
Processing /cvmfs/soft.computecanada.ca/custom/python/wheelhouse/generic/cached_property-1.5.2+computecanada-py2.py3-none-any.whl
Processing /cvmfs/soft.computecanada.ca/custom/python/wheelhouse/generic/tensorboard_data_server-0.6.1+computecanada-py3-none-linux_x86_64.whl
Collecting google-auth<3,>=1.6.3
  Using cached google_auth-2.16.1-py2.py3-none-any.whl (177 kB)
Processing /cvmfs/soft.computecanada.ca/custom/python/wheelhouse/generic/Markdown-3.4.1+computecanada-py3-none-any.whl
Collecting protobuf>=3.9.2
  Using cached protobuf-3.20.3-py2.py3-none-any.whl (162 kB)
Requirement already satisfied: setuptools>=41.0.0 in /localscratch/tbury.61037320.0/venv/lib/python3.7/site-packages (from tensorboard~=2.6->tensorflow) (46.1.3)
Processing /cvmfs/soft.computecanada.ca/custom/python/wheelhouse/generic/tensorboard_plugin_wit-1.8.1+computecanada-py3-none-any.whl
Processing /cvmfs/soft.computecanada.ca/custom/python/wheelhouse/generic/requests-2.28.2+computecanada-py3-none-any.whl
Processing /cvmfs/soft.computecanada.ca/custom/python/wheelhouse/generic/google_auth_oauthlib-0.4.6+computecanada-py2.py3-none-any.whl
Processing /cvmfs/soft.computecanada.ca/custom/python/wheelhouse/generic/Werkzeug-2.2.3+computecanada-py3-none-any.whl
Processing /cvmfs/soft.computecanada.ca/custom/python/wheelhouse/generic/rsa-4.9+computecanada-py3-none-any.whl
Processing /cvmfs/soft.computecanada.ca/custom/python/wheelhouse/generic/cachetools-5.3.0+computecanada-py3-none-any.whl
Processing /cvmfs/soft.computecanada.ca/custom/python/wheelhouse/generic/pyasn1_modules-0.2.8+computecanada-py2.py3-none-any.whl
Processing /cvmfs/soft.computecanada.ca/custom/python/wheelhouse/generic/requests_oauthlib-1.3.1+computecanada-py2.py3-none-any.whl
Processing /cvmfs/soft.computecanada.ca/custom/python/wheelhouse/generic/importlib_metadata-6.0.0+computecanada-py3-none-any.whl
Processing /cvmfs/soft.computecanada.ca/custom/python/wheelhouse/generic/idna-3.4+computecanada-py3-none-any.whl
Processing /cvmfs/soft.computecanada.ca/custom/python/wheelhouse/generic/charset_normalizer-3.0.1+computecanada-py3-none-any.whl
Processing /cvmfs/soft.computecanada.ca/custom/python/wheelhouse/generic/urllib3-1.26.14+computecanada-py2.py3-none-any.whl
Processing /cvmfs/soft.computecanada.ca/custom/python/wheelhouse/generic/certifi-2022.12.7+computecanada-py3-none-any.whl
Collecting MarkupSafe>=2.1.1
  Using cached MarkupSafe-2.1.2-cp37-cp37m-linux_x86_64.whl
Collecting zipp>=0.5
  Downloading zipp-3.15.0-py3-none-any.whl (6.8 kB)
Processing /cvmfs/soft.computecanada.ca/custom/python/wheelhouse/generic/pyasn1-0.4.8+computecanada-py2.py3-none-any.whl
Processing /cvmfs/soft.computecanada.ca/custom/python/wheelhouse/generic/oauthlib-3.2.2+computecanada-py3-none-any.whl
Installing collected packages: wrapt, tensorflow-estimator, tensorboard-plugin-wit, pyasn1, libclang, keras, flatbuffers, charset-normalizer, cached-property, zipp, urllib3, typing-extensions, termcolor, tensorflow-io-gcs-filesystem, tensorboard-data-server, six, rsa, pyasn1-modules, protobuf, oauthlib, numpy, MarkupSafe, idna, gast, certifi, cachetools, absl-py, werkzeug, requests, opt-einsum, keras-preprocessing, importlib-metadata, h5py, grpcio, google-pasta, google-auth, astunparse, requests-oauthlib, markdown, google-auth-oauthlib, tensorboard, tensorflow
Successfully installed MarkupSafe-2.1.2 absl-py-1.4.0+computecanada astunparse-1.6.3+computecanada cached-property-1.5.2+computecanada cachetools-5.3.0+computecanada certifi-2022.12.7+computecanada charset-normalizer-3.0.1+computecanada flatbuffers-2.0.7 gast-0.4.0+computecanada google-auth-2.16.1 google-auth-oauthlib-0.4.6+computecanada google-pasta-0.2.0+computecanada grpcio-1.38.1+computecanada h5py-3.4.0+computecanada idna-3.4+computecanada importlib-metadata-6.0.0+computecanada keras-2.7.0+computecanada keras-preprocessing-1.1.2+computecanada libclang-14.0.1+computecanada markdown-3.4.1+computecanada numpy-1.21.4+computecanada oauthlib-3.2.2+computecanada opt-einsum-3.3.0+computecanada protobuf-3.20.3 pyasn1-0.4.8+computecanada pyasn1-modules-0.2.8+computecanada requests-2.28.2+computecanada requests-oauthlib-1.3.1+computecanada rsa-4.9+computecanada six-1.16.0+computecanada tensorboard-2.11.2 tensorboard-data-server-0.6.1+computecanada tensorboard-plugin-wit-1.8.1+computecanada tensorflow-2.7.0+computecanada tensorflow-estimator-2.7.0+computecanada tensorflow-io-gcs-filesystem-0.22.0+computecanada termcolor-2.2.0 typing-extensions-4.5.0+computecanada urllib3-1.26.14+computecanada werkzeug-2.2.3+computecanada wrapt-1.12.1+computecanada zipp-3.15.0
Looking in links: /cvmfs/soft.computecanada.ca/custom/python/wheelhouse/gentoo/avx2, /cvmfs/soft.computecanada.ca/custom/python/wheelhouse/gentoo/generic, /cvmfs/soft.computecanada.ca/custom/python/wheelhouse/generic
Processing /cvmfs/soft.computecanada.ca/custom/python/wheelhouse/gentoo/generic/scikit_learn-1.0.1+computecanada-cp37-cp37m-linux_x86_64.whl
Processing /cvmfs/soft.computecanada.ca/custom/python/wheelhouse/gentoo/generic/scipy-1.7.3+computecanada-cp37-cp37m-linux_x86_64.whl
Processing /cvmfs/soft.computecanada.ca/custom/python/wheelhouse/generic/joblib-1.2.0+computecanada-py3-none-any.whl
Requirement already satisfied: numpy>=1.14.6 in /localscratch/tbury.61037320.0/venv/lib/python3.7/site-packages (from scikit-learn) (1.21.4+computecanada)
Processing /cvmfs/soft.computecanada.ca/custom/python/wheelhouse/generic/threadpoolctl-3.1.0+computecanada-py3-none-any.whl
Installing collected packages: threadpoolctl, scipy, joblib, scikit-learn
Successfully installed joblib-1.2.0+computecanada scikit-learn-1.0.1+computecanada scipy-1.7.3+computecanada threadpoolctl-3.1.0+computecanada
Looking in links: /cvmfs/soft.computecanada.ca/custom/python/wheelhouse/gentoo/avx2, /cvmfs/soft.computecanada.ca/custom/python/wheelhouse/gentoo/generic, /cvmfs/soft.computecanada.ca/custom/python/wheelhouse/generic
Collecting ewstools
  Using cached ewstools-2.1.0-py3-none-any.whl (27 kB)
Collecting lmfit>=0.9.0
  Using cached lmfit-1.1.0-py3-none-any.whl (90 kB)
Requirement already satisfied: numpy>=1.14.0 in /localscratch/tbury.61037320.0/venv/lib/python3.7/site-packages (from ewstools) (1.21.4+computecanada)
Processing /cvmfs/soft.computecanada.ca/custom/python/wheelhouse/generic/deprecation-2.1.0+computecanada-py2.py3-none-any.whl
Processing /cvmfs/soft.computecanada.ca/custom/python/wheelhouse/gentoo/generic/arch-4.19+computecanada-cp37-cp37m-linux_x86_64.whl
Processing /cvmfs/soft.computecanada.ca/custom/python/wheelhouse/generic/statsmodels-0.12.2+computecanada-cp37-cp37m-linux_x86_64.whl
Collecting plotly>=2.3.0
  Using cached plotly-5.13.1-py2.py3-none-any.whl (15.2 MB)
Processing /cvmfs/soft.computecanada.ca/custom/python/wheelhouse/gentoo/avx2/pandas-1.3.5+computecanada-cp37-cp37m-linux_x86_64.whl
Requirement already satisfied: scipy>=1.0.1 in /localscratch/tbury.61037320.0/venv/lib/python3.7/site-packages (from ewstools) (1.7.3+computecanada)
Processing /cvmfs/soft.computecanada.ca/custom/python/wheelhouse/generic/Cython-0.29.33+computecanada-cp37-cp37m-linux_x86_64.whl
Processing /cvmfs/soft.computecanada.ca/custom/python/wheelhouse/generic/property_cached-1.6.4+computecanada-py2.py3-none-any.whl
Processing /cvmfs/soft.computecanada.ca/custom/python/wheelhouse/generic/packaging-23.0+computecanada-py3-none-any.whl
Collecting uncertainties>=3.1.4
  Using cached uncertainties-3.1.7-py2.py3-none-any.whl (98 kB)
Collecting asteval>=0.9.28
  Using cached asteval-0.9.29-py3-none-any.whl (18 kB)
Processing /cvmfs/soft.computecanada.ca/custom/python/wheelhouse/generic/pytz-2022.7.1+computecanada-py3-none-any.whl
Processing /cvmfs/soft.computecanada.ca/custom/python/wheelhouse/generic/python_dateutil-2.8.2+computecanada-py2.py3-none-any.whl
Collecting tenacity>=6.2.0
  Using cached tenacity-8.2.1-py3-none-any.whl (24 kB)
Processing /cvmfs/soft.computecanada.ca/custom/python/wheelhouse/generic/patsy-0.5.3+computecanada-py2.py3-none-any.whl
Requirement already satisfied: importlib-metadata in /localscratch/tbury.61037320.0/venv/lib/python3.7/site-packages (from asteval>=0.9.28->lmfit>=0.9.0->ewstools) (6.0.0+computecanada)
Requirement already satisfied: six in /localscratch/tbury.61037320.0/venv/lib/python3.7/site-packages (from patsy>=0.5->statsmodels>=0.9.0->ewstools) (1.16.0+computecanada)
Processing /cvmfs/soft.computecanada.ca/custom/python/wheelhouse/generic/future-0.18.2+computecanada-py3-none-any.whl
Requirement already satisfied: typing-extensions>=3.6.4 in /localscratch/tbury.61037320.0/venv/lib/python3.7/site-packages (from importlib-metadata->asteval>=0.9.28->lmfit>=0.9.0->ewstools) (4.5.0+computecanada)
Requirement already satisfied: zipp>=0.5 in /localscratch/tbury.61037320.0/venv/lib/python3.7/site-packages (from importlib-metadata->asteval>=0.9.28->lmfit>=0.9.0->ewstools) (3.15.0)
Installing collected packages: pytz, tenacity, python-dateutil, property-cached, patsy, packaging, future, cython, uncertainties, plotly, pandas, deprecation, asteval, statsmodels, lmfit, arch, ewstools
Successfully installed arch-4.19+computecanada asteval-0.9.29 cython-0.29.33+computecanada deprecation-2.1.0+computecanada ewstools-2.1.0 future-0.18.2+computecanada lmfit-1.1.0 packaging-23.0+computecanada pandas-1.3.5+computecanada patsy-0.5.3+computecanada plotly-5.13.1 property-cached-1.6.4+computecanada python-dateutil-2.8.2+computecanada pytz-2022.7.1+computecanada statsmodels-0.12.2+computecanada tenacity-8.2.1 uncertainties-3.1.7
Looking in links: /cvmfs/soft.computecanada.ca/custom/python/wheelhouse/gentoo/avx2, /cvmfs/soft.computecanada.ca/custom/python/wheelhouse/gentoo/generic, /cvmfs/soft.computecanada.ca/custom/python/wheelhouse/generic
Requirement already satisfied: plotly in /localscratch/tbury.61037320.0/venv/lib/python3.7/site-packages (5.13.1)
Requirement already satisfied: tenacity>=6.2.0 in /localscratch/tbury.61037320.0/venv/lib/python3.7/site-packages (from plotly) (8.2.1)
Begin python job
Training DL with mtype=2
Traceback (most recent call last):
  File "dl_train.py", line 57, in <module>
    df = pd.read_parquet('../training_data/output/df_train.parquet')
  File "/localscratch/tbury.61037320.0/venv/lib/python3.7/site-packages/pandas/io/parquet.py", line 493, in read_parquet
    impl = get_engine(engine)
  File "/localscratch/tbury.61037320.0/venv/lib/python3.7/site-packages/pandas/io/parquet.py", line 54, in get_engine
    "Unable to find a usable engine; "
ImportError: Unable to find a usable engine; tried using: 'pyarrow', 'fastparquet'.
A suitable version of pyarrow or fastparquet is required for parquet support.
Trying to import the above resulted in these errors:
 - Missing optional dependency 'pyarrow'. pyarrow is required for parquet support. Use pip or conda to install pyarrow.
 - Missing optional dependency 'fastparquet'. fastparquet is required for parquet support. Use pip or conda to install fastparquet.
