Job 62294031 released
Load modules

Lmod is automatically replacing "intel/2020.1.217" with "gcc/9.3.0".

Lmod Warning: Warning. On April 4th 2023, the default version of python will
become 3.10.
To keep using python 3.8, please load the python/3.8 module explicitly.

While processing the following module(s):
    Module fullname  Module Filename
    ---------------  ---------------
    python/3.8.10    /cvmfs/soft.computecanada.ca/easybuild/modules/2020/avx2/Core/python/3.8.10.lua


Due to MODULEPATH changes, the following have been reloaded:
  1) libfabric/1.10.1     2) openmpi/4.0.3     3) ucx/1.8.0

Create virtual environemnt
created virtual environment CPython3.8.10.final.0-64 in 2758ms
  creator CPython3Posix(dest=/localscratch/tbury.62294031.0/venv, clear=False, global=False)
  seeder FromAppData(download=False, pip=latest, setuptools=latest, wheel=latest, via=copy, app_data_dir=/home/tbury/.local/share/virtualenv/seed-app-data/v1.0.1)
  activators BashActivator,CShellActivator,FishActivator,PowerShellActivator,PythonActivator,XonshActivator
Install packages
Ignoring pip: markers 'python_version < "3"' don't match your environment
Looking in links: /cvmfs/soft.computecanada.ca/custom/python/wheelhouse/gentoo/avx2, /cvmfs/soft.computecanada.ca/custom/python/wheelhouse/gentoo/generic, /cvmfs/soft.computecanada.ca/custom/python/wheelhouse/generic
Processing /cvmfs/soft.computecanada.ca/custom/python/wheelhouse/generic/pip-23.0+computecanada-py3-none-any.whl
Installing collected packages: pip
  Attempting uninstall: pip
    Found existing installation: pip 20.0.2
    Uninstalling pip-20.0.2:
      Successfully uninstalled pip-20.0.2
Successfully installed pip-23.0+computecanada
Looking in links: /cvmfs/soft.computecanada.ca/custom/python/wheelhouse/gentoo/avx2, /cvmfs/soft.computecanada.ca/custom/python/wheelhouse/gentoo/generic, /cvmfs/soft.computecanada.ca/custom/python/wheelhouse/generic
Processing /cvmfs/soft.computecanada.ca/custom/python/wheelhouse/gentoo/generic/tensorflow-2.11.0+computecanada-cp38-cp38-linux_x86_64.whl
Processing /cvmfs/soft.computecanada.ca/custom/python/wheelhouse/generic/astunparse-1.6.3+computecanada-py2.py3-none-any.whl
Requirement already satisfied: numpy>=1.20 in /cvmfs/soft.computecanada.ca/easybuild/software/2020/avx2/Core/scipy-stack/2022a/lib/python3.8/site-packages (from tensorflow) (1.22.2+computecanada)
Collecting termcolor>=1.1.0
  Using cached termcolor-2.2.0-py3-none-any.whl (6.6 kB)
Processing /cvmfs/soft.computecanada.ca/custom/python/wheelhouse/generic/google_pasta-0.2.0+computecanada-py3-none-any.whl
Processing /cvmfs/soft.computecanada.ca/custom/python/wheelhouse/generic/tensorflow_io_gcs_filesystem-0.26.0+computecanada-cp38-cp38-linux_x86_64.whl
Processing /cvmfs/soft.computecanada.ca/custom/python/wheelhouse/generic/gast-0.4.0+computecanada-py3-none-any.whl
Requirement already satisfied: six>=1.12.0 in /cvmfs/soft.computecanada.ca/easybuild/software/2020/avx2/Core/ipykernel/2023a/lib/python3.8/site-packages (from tensorflow) (1.16.0+computecanada)
Collecting protobuf<3.20,>=3.9.2
  Using cached protobuf-3.19.6-py2.py3-none-any.whl (162 kB)
Processing /cvmfs/soft.computecanada.ca/custom/python/wheelhouse/generic/wrapt-1.15.0+computecanada-cp38-cp38-linux_x86_64.whl
Processing /cvmfs/soft.computecanada.ca/custom/python/wheelhouse/generic/absl_py-1.4.0+computecanada-py3-none-any.whl
Processing /cvmfs/soft.computecanada.ca/custom/python/wheelhouse/generic/flatbuffers-20190709135844+computecanada-py2.py3-none-any.whl
Processing /cvmfs/soft.computecanada.ca/custom/python/wheelhouse/generic/opt_einsum-3.3.0+computecanada-py3-none-any.whl
Requirement already satisfied: setuptools in /localscratch/tbury.62294031.0/venv/lib/python3.8/site-packages (from tensorflow) (46.1.3)
Processing /cvmfs/soft.computecanada.ca/custom/python/wheelhouse/generic/keras-2.11.0+computecanada-py2.py3-none-any.whl
Processing /cvmfs/soft.computecanada.ca/custom/python/wheelhouse/generic/libclang-14.0.1+computecanada-py2.py3-none-linux_x86_64.whl
Processing /cvmfs/soft.computecanada.ca/custom/python/wheelhouse/generic/tensorboard-2.11.2+computecanada-py3-none-any.whl
Requirement already satisfied: typing-extensions>=3.6.6 in /cvmfs/soft.computecanada.ca/easybuild/software/2020/avx2/Core/scipy-stack/2022a/lib/python3.8/site-packages (from tensorflow) (4.0.1+computecanada)
Requirement already satisfied: packaging in /cvmfs/soft.computecanada.ca/easybuild/software/2020/avx2/Core/scipy-stack/2022a/lib/python3.8/site-packages (from tensorflow) (21.3+computecanada)
Processing /cvmfs/soft.computecanada.ca/custom/python/wheelhouse/gentoo/avx2/h5py-3.7.0+computecanada-cp38-cp38-linux_x86_64.whl
Processing /cvmfs/soft.computecanada.ca/custom/python/wheelhouse/gentoo/generic/grpcio-1.51.3+computecanada-cp38-cp38-linux_x86_64.whl
Processing /cvmfs/soft.computecanada.ca/custom/python/wheelhouse/generic/tensorflow_estimator-2.11.0+computecanada-py2.py3-none-any.whl
Requirement already satisfied: wheel<1.0,>=0.23.0 in /localscratch/tbury.62294031.0/venv/lib/python3.8/site-packages (from astunparse>=1.6.0->tensorflow) (0.34.2)
Requirement already satisfied: requests<3,>=2.21.0 in /cvmfs/soft.computecanada.ca/easybuild/software/2020/avx2/Core/scipy-stack/2022a/lib/python3.8/site-packages (from tensorboard<2.12,>=2.11->tensorflow) (2.27.1+computecanada)
Processing /cvmfs/soft.computecanada.ca/custom/python/wheelhouse/generic/Werkzeug-2.2.3+computecanada-py3-none-any.whl
Processing /cvmfs/soft.computecanada.ca/custom/python/wheelhouse/generic/google_auth_oauthlib-0.4.6+computecanada-py2.py3-none-any.whl
Processing /cvmfs/soft.computecanada.ca/custom/python/wheelhouse/generic/Markdown-3.4.1+computecanada-py3-none-any.whl
Collecting google-auth<3,>=1.6.3
  Using cached google_auth-2.16.2-py2.py3-none-any.whl (177 kB)
Processing /cvmfs/soft.computecanada.ca/custom/python/wheelhouse/generic/tensorboard_data_server-0.6.1+computecanada-py3-none-linux_x86_64.whl
Processing /cvmfs/soft.computecanada.ca/custom/python/wheelhouse/generic/tensorboard_plugin_wit-1.8.1+computecanada-py3-none-any.whl
Requirement already satisfied: pyparsing!=3.0.5,>=2.0.2 in /cvmfs/soft.computecanada.ca/easybuild/software/2020/avx2/Core/scipy-stack/2022a/lib/python3.8/site-packages (from packaging->tensorflow) (3.0.7+computecanada)
Processing /cvmfs/soft.computecanada.ca/custom/python/wheelhouse/generic/cachetools-5.3.0+computecanada-py3-none-any.whl
Processing /cvmfs/soft.computecanada.ca/custom/python/wheelhouse/generic/rsa-4.9+computecanada-py3-none-any.whl
Processing /cvmfs/soft.computecanada.ca/custom/python/wheelhouse/generic/pyasn1_modules-0.2.8+computecanada-py2.py3-none-any.whl
Processing /cvmfs/soft.computecanada.ca/custom/python/wheelhouse/generic/requests_oauthlib-1.3.1+computecanada-py2.py3-none-any.whl
Requirement already satisfied: importlib-metadata>=4.4 in /cvmfs/soft.computecanada.ca/easybuild/software/2020/avx2/Core/scipy-stack/2022a/lib/python3.8/site-packages (from markdown>=2.6.8->tensorboard<2.12,>=2.11->tensorflow) (4.10.1+computecanada)
Requirement already satisfied: urllib3<1.27,>=1.21.1 in /cvmfs/soft.computecanada.ca/easybuild/software/2020/avx2/Core/scipy-stack/2022a/lib/python3.8/site-packages (from requests<3,>=2.21.0->tensorboard<2.12,>=2.11->tensorflow) (1.26.8+computecanada)
Requirement already satisfied: certifi>=2017.4.17 in /cvmfs/soft.computecanada.ca/easybuild/software/2020/avx2/Core/scipy-stack/2022a/lib/python3.8/site-packages (from requests<3,>=2.21.0->tensorboard<2.12,>=2.11->tensorflow) (2021.10.8+computecanada)
Requirement already satisfied: charset-normalizer~=2.0.0 in /cvmfs/soft.computecanada.ca/easybuild/software/2020/avx2/Core/scipy-stack/2022a/lib/python3.8/site-packages (from requests<3,>=2.21.0->tensorboard<2.12,>=2.11->tensorflow) (2.0.11+computecanada)
Requirement already satisfied: idna<4,>=2.5 in /cvmfs/soft.computecanada.ca/easybuild/software/2020/avx2/Core/scipy-stack/2022a/lib/python3.8/site-packages (from requests<3,>=2.21.0->tensorboard<2.12,>=2.11->tensorflow) (3.3+computecanada)
Processing /cvmfs/soft.computecanada.ca/custom/python/wheelhouse/generic/MarkupSafe-2.1.2+computecanada-cp38-cp38-linux_x86_64.whl
Requirement already satisfied: zipp>=0.5 in /cvmfs/soft.computecanada.ca/easybuild/software/2020/avx2/Core/scipy-stack/2022a/lib/python3.8/site-packages (from importlib-metadata>=4.4->markdown>=2.6.8->tensorboard<2.12,>=2.11->tensorflow) (3.7.0+computecanada)
Processing /cvmfs/soft.computecanada.ca/custom/python/wheelhouse/generic/pyasn1-0.4.8+computecanada-py2.py3-none-any.whl
Processing /cvmfs/soft.computecanada.ca/custom/python/wheelhouse/generic/oauthlib-3.2.2+computecanada-py3-none-any.whl
Installing collected packages: tensorboard-plugin-wit, pyasn1, libclang, flatbuffers, wrapt, termcolor, tensorflow-io-gcs-filesystem, tensorflow-estimator, tensorboard-data-server, rsa, pyasn1-modules, protobuf, opt-einsum, oauthlib, MarkupSafe, keras, h5py, grpcio, google-pasta, gast, cachetools, astunparse, absl-py, werkzeug, requests-oauthlib, markdown, google-auth, google-auth-oauthlib, tensorboard, tensorflow
  Attempting uninstall: MarkupSafe
    Found existing installation: MarkupSafe 2.0.1+computecanada
    Not uninstalling markupsafe at /cvmfs/soft.computecanada.ca/easybuild/software/2020/avx2/Core/scipy-stack/2022a/lib/python3.8/site-packages, outside environment /localscratch/tbury.62294031.0/venv
    Can't uninstall 'MarkupSafe'. No files were found to uninstall.
ERROR: pip's dependency resolver does not currently take into account all the packages that are installed. This behaviour is the source of the following dependency conflicts.
jupyter-server 2.3.0+computecanada requires nbconvert>=6.4.4, but you have nbconvert 6.4.2+computecanada which is incompatible.
jupyter-server 2.3.0+computecanada requires nbformat>=5.3.0, but you have nbformat 5.1.3+computecanada which is incompatible.
Successfully installed MarkupSafe-2.1.2+computecanada absl-py-1.4.0+computecanada astunparse-1.6.3+computecanada cachetools-5.3.0+computecanada flatbuffers-20190709135844+computecanada gast-0.4.0+computecanada google-auth-2.16.2 google-auth-oauthlib-0.4.6+computecanada google-pasta-0.2.0+computecanada grpcio-1.51.3+computecanada h5py-3.7.0+computecanada keras-2.11.0+computecanada libclang-14.0.1+computecanada markdown-3.4.1+computecanada oauthlib-3.2.2+computecanada opt-einsum-3.3.0+computecanada protobuf-3.19.6 pyasn1-0.4.8+computecanada pyasn1-modules-0.2.8+computecanada requests-oauthlib-1.3.1+computecanada rsa-4.9+computecanada tensorboard-2.11.2+computecanada tensorboard-data-server-0.6.1+computecanada tensorboard-plugin-wit-1.8.1+computecanada tensorflow-2.11.0+computecanada tensorflow-estimator-2.11.0+computecanada tensorflow-io-gcs-filesystem-0.26.0+computecanada termcolor-2.2.0 werkzeug-2.2.3+computecanada wrapt-1.15.0+computecanada
Looking in links: /cvmfs/soft.computecanada.ca/custom/python/wheelhouse/gentoo/avx2, /cvmfs/soft.computecanada.ca/custom/python/wheelhouse/gentoo/generic, /cvmfs/soft.computecanada.ca/custom/python/wheelhouse/generic
Processing /cvmfs/soft.computecanada.ca/custom/python/wheelhouse/gentoo/generic/scikit_learn-1.2.1+computecanada-cp38-cp38-linux_x86_64.whl
Requirement already satisfied: scipy>=1.3.2 in /cvmfs/soft.computecanada.ca/easybuild/software/2020/avx2/Core/scipy-stack/2022a/lib/python3.8/site-packages (from scikit-learn) (1.8.0+computecanada)
Processing /cvmfs/soft.computecanada.ca/custom/python/wheelhouse/gentoo/generic/numpy-1.24.2+computecanada-cp38-cp38-linux_x86_64.whl
Processing /cvmfs/soft.computecanada.ca/custom/python/wheelhouse/generic/joblib-1.2.0+computecanada-py3-none-any.whl
Processing /cvmfs/soft.computecanada.ca/custom/python/wheelhouse/generic/threadpoolctl-3.1.0+computecanada-py3-none-any.whl
Installing collected packages: threadpoolctl, numpy, joblib, scikit-learn
  Attempting uninstall: numpy
    Found existing installation: numpy 1.22.2+computecanada
    Not uninstalling numpy at /cvmfs/soft.computecanada.ca/easybuild/software/2020/avx2/Core/scipy-stack/2022a/lib/python3.8/site-packages, outside environment /localscratch/tbury.62294031.0/venv
    Can't uninstall 'numpy'. No files were found to uninstall.
Successfully installed joblib-1.2.0+computecanada numpy-1.24.2+computecanada scikit-learn-1.2.1+computecanada threadpoolctl-3.1.0+computecanada
Looking in links: /cvmfs/soft.computecanada.ca/custom/python/wheelhouse/gentoo/avx2, /cvmfs/soft.computecanada.ca/custom/python/wheelhouse/gentoo/generic, /cvmfs/soft.computecanada.ca/custom/python/wheelhouse/generic
Collecting ewstools
  Using cached ewstools-2.1.0-py3-none-any.whl (27 kB)
Processing /cvmfs/soft.computecanada.ca/custom/python/wheelhouse/generic/deprecation-2.1.0+computecanada-py2.py3-none-any.whl
Requirement already satisfied: pandas>=0.23.0 in /cvmfs/soft.computecanada.ca/easybuild/software/2020/avx2/Core/scipy-stack/2022a/lib/python3.8/site-packages (from ewstools) (1.4.0+computecanada)
Collecting plotly>=2.3.0
  Using cached plotly-5.13.1-py2.py3-none-any.whl (15.2 MB)
Processing /cvmfs/soft.computecanada.ca/custom/python/wheelhouse/generic/arch-4.19+computecanada-cp38-cp38-linux_x86_64.whl
Requirement already satisfied: numpy>=1.14.0 in /localscratch/tbury.62294031.0/venv/lib/python3.8/site-packages (from ewstools) (1.24.2+computecanada)
Processing /cvmfs/soft.computecanada.ca/custom/python/wheelhouse/generic/statsmodels-0.13.5+computecanada-cp38-cp38-linux_x86_64.whl
Requirement already satisfied: scipy>=1.0.1 in /cvmfs/soft.computecanada.ca/easybuild/software/2020/avx2/Core/scipy-stack/2022a/lib/python3.8/site-packages (from ewstools) (1.8.0+computecanada)
Collecting lmfit>=0.9.0
  Using cached lmfit-1.1.0-py3-none-any.whl (90 kB)
Processing /cvmfs/soft.computecanada.ca/custom/python/wheelhouse/generic/property_cached-1.6.4+computecanada-py2.py3-none-any.whl
Requirement already satisfied: cython>=0.29.14 in /cvmfs/soft.computecanada.ca/easybuild/software/2020/avx2/Core/scipy-stack/2022a/lib/python3.8/site-packages (from arch>=4.4->ewstools) (0.29.27+computecanada)
Requirement already satisfied: packaging in /cvmfs/soft.computecanada.ca/easybuild/software/2020/avx2/Core/scipy-stack/2022a/lib/python3.8/site-packages (from deprecation>=2.0->ewstools) (21.3+computecanada)
Collecting uncertainties>=3.1.4
  Using cached uncertainties-3.1.7-py2.py3-none-any.whl (98 kB)
Collecting asteval>=0.9.28
  Using cached asteval-0.9.29-py3-none-any.whl (18 kB)
Requirement already satisfied: pytz>=2020.1 in /cvmfs/soft.computecanada.ca/easybuild/software/2020/avx2/Core/scipy-stack/2022a/lib/python3.8/site-packages (from pandas>=0.23.0->ewstools) (2021.3+computecanada)
Requirement already satisfied: python-dateutil>=2.8.1 in /cvmfs/soft.computecanada.ca/easybuild/software/2020/avx2/Core/ipykernel/2023a/lib/python3.8/site-packages (from pandas>=0.23.0->ewstools) (2.8.2+computecanada)
Collecting tenacity>=6.2.0
  Using cached tenacity-8.2.2-py3-none-any.whl (24 kB)
Processing /cvmfs/soft.computecanada.ca/custom/python/wheelhouse/generic/patsy-0.5.3+computecanada-py2.py3-none-any.whl
Requirement already satisfied: pyparsing!=3.0.5,>=2.0.2 in /cvmfs/soft.computecanada.ca/easybuild/software/2020/avx2/Core/scipy-stack/2022a/lib/python3.8/site-packages (from packaging->deprecation>=2.0->ewstools) (3.0.7+computecanada)
Requirement already satisfied: six in /cvmfs/soft.computecanada.ca/easybuild/software/2020/avx2/Core/ipykernel/2023a/lib/python3.8/site-packages (from patsy>=0.5.2->statsmodels>=0.9.0->ewstools) (1.16.0+computecanada)
Processing /cvmfs/soft.computecanada.ca/custom/python/wheelhouse/generic/future-0.18.2+computecanada-py3-none-any.whl
Installing collected packages: tenacity, property-cached, patsy, future, asteval, uncertainties, plotly, deprecation, statsmodels, lmfit, arch, ewstools
Successfully installed arch-4.19+computecanada asteval-0.9.29 deprecation-2.1.0+computecanada ewstools-2.1.0 future-0.18.2+computecanada lmfit-1.1.0 patsy-0.5.3+computecanada plotly-5.13.1 property-cached-1.6.4+computecanada statsmodels-0.13.5+computecanada tenacity-8.2.2 uncertainties-3.1.7
Looking in links: /cvmfs/soft.computecanada.ca/custom/python/wheelhouse/gentoo/avx2, /cvmfs/soft.computecanada.ca/custom/python/wheelhouse/gentoo/generic, /cvmfs/soft.computecanada.ca/custom/python/wheelhouse/generic
Requirement already satisfied: matplotlib in /cvmfs/soft.computecanada.ca/easybuild/software/2020/avx2/Core/scipy-stack/2022a/lib/python3.8/site-packages (3.5.1+computecanada)
Requirement already satisfied: fonttools>=4.22.0 in /cvmfs/soft.computecanada.ca/easybuild/software/2020/avx2/Core/scipy-stack/2022a/lib/python3.8/site-packages (from matplotlib) (4.29.1+computecanada)
Requirement already satisfied: pyparsing>=2.2.1 in /cvmfs/soft.computecanada.ca/easybuild/software/2020/avx2/Core/scipy-stack/2022a/lib/python3.8/site-packages (from matplotlib) (3.0.7+computecanada)
Requirement already satisfied: cycler>=0.10 in /cvmfs/soft.computecanada.ca/easybuild/software/2020/avx2/Core/scipy-stack/2022a/lib/python3.8/site-packages (from matplotlib) (0.11.0+computecanada)
Requirement already satisfied: numpy>=1.21 in /localscratch/tbury.62294031.0/venv/lib/python3.8/site-packages (from matplotlib) (1.24.2+computecanada)
Requirement already satisfied: packaging>=20.0 in /cvmfs/soft.computecanada.ca/easybuild/software/2020/avx2/Core/scipy-stack/2022a/lib/python3.8/site-packages (from matplotlib) (21.3+computecanada)
Requirement already satisfied: python-dateutil>=2.7 in /cvmfs/soft.computecanada.ca/easybuild/software/2020/avx2/Core/ipykernel/2023a/lib/python3.8/site-packages (from matplotlib) (2.8.2+computecanada)
Requirement already satisfied: kiwisolver>=1.0.1 in /cvmfs/soft.computecanada.ca/easybuild/software/2020/avx2/Core/scipy-stack/2022a/lib/python3.8/site-packages (from matplotlib) (1.3.2+computecanada)
Requirement already satisfied: pillow>=6.2.0 in /cvmfs/soft.computecanada.ca/easybuild/software/2020/avx2/Core/scipy-stack/2022a/lib/python3.8/site-packages (from matplotlib) (9.0.1+computecanada)
Requirement already satisfied: six>=1.5 in /cvmfs/soft.computecanada.ca/easybuild/software/2020/avx2/Core/ipykernel/2023a/lib/python3.8/site-packages (from python-dateutil>=2.7->matplotlib) (1.16.0+computecanada)
Looking in links: /cvmfs/soft.computecanada.ca/custom/python/wheelhouse/gentoo/avx2, /cvmfs/soft.computecanada.ca/custom/python/wheelhouse/gentoo/generic, /cvmfs/soft.computecanada.ca/custom/python/wheelhouse/generic
Collecting seaborn
  Using cached seaborn-0.12.2-py3-none-any.whl (293 kB)
Requirement already satisfied: pandas>=0.25 in /cvmfs/soft.computecanada.ca/easybuild/software/2020/avx2/Core/scipy-stack/2022a/lib/python3.8/site-packages (from seaborn) (1.4.0+computecanada)
Requirement already satisfied: matplotlib!=3.6.1,>=3.1 in /cvmfs/soft.computecanada.ca/easybuild/software/2020/avx2/Core/scipy-stack/2022a/lib/python3.8/site-packages (from seaborn) (3.5.1+computecanada)
Requirement already satisfied: numpy!=1.24.0,>=1.17 in /localscratch/tbury.62294031.0/venv/lib/python3.8/site-packages (from seaborn) (1.24.2+computecanada)
Requirement already satisfied: pyparsing>=2.2.1 in /cvmfs/soft.computecanada.ca/easybuild/software/2020/avx2/Core/scipy-stack/2022a/lib/python3.8/site-packages (from matplotlib!=3.6.1,>=3.1->seaborn) (3.0.7+computecanada)
Requirement already satisfied: fonttools>=4.22.0 in /cvmfs/soft.computecanada.ca/easybuild/software/2020/avx2/Core/scipy-stack/2022a/lib/python3.8/site-packages (from matplotlib!=3.6.1,>=3.1->seaborn) (4.29.1+computecanada)
Requirement already satisfied: python-dateutil>=2.7 in /cvmfs/soft.computecanada.ca/easybuild/software/2020/avx2/Core/ipykernel/2023a/lib/python3.8/site-packages (from matplotlib!=3.6.1,>=3.1->seaborn) (2.8.2+computecanada)
Requirement already satisfied: pillow>=6.2.0 in /cvmfs/soft.computecanada.ca/easybuild/software/2020/avx2/Core/scipy-stack/2022a/lib/python3.8/site-packages (from matplotlib!=3.6.1,>=3.1->seaborn) (9.0.1+computecanada)
Requirement already satisfied: cycler>=0.10 in /cvmfs/soft.computecanada.ca/easybuild/software/2020/avx2/Core/scipy-stack/2022a/lib/python3.8/site-packages (from matplotlib!=3.6.1,>=3.1->seaborn) (0.11.0+computecanada)
Requirement already satisfied: kiwisolver>=1.0.1 in /cvmfs/soft.computecanada.ca/easybuild/software/2020/avx2/Core/scipy-stack/2022a/lib/python3.8/site-packages (from matplotlib!=3.6.1,>=3.1->seaborn) (1.3.2+computecanada)
Requirement already satisfied: packaging>=20.0 in /cvmfs/soft.computecanada.ca/easybuild/software/2020/avx2/Core/scipy-stack/2022a/lib/python3.8/site-packages (from matplotlib!=3.6.1,>=3.1->seaborn) (21.3+computecanada)
Requirement already satisfied: pytz>=2020.1 in /cvmfs/soft.computecanada.ca/easybuild/software/2020/avx2/Core/scipy-stack/2022a/lib/python3.8/site-packages (from pandas>=0.25->seaborn) (2021.3+computecanada)
Requirement already satisfied: six>=1.5 in /cvmfs/soft.computecanada.ca/easybuild/software/2020/avx2/Core/ipykernel/2023a/lib/python3.8/site-packages (from python-dateutil>=2.7->matplotlib!=3.6.1,>=3.1->seaborn) (1.16.0+computecanada)
Installing collected packages: seaborn
Successfully installed seaborn-0.12.2
Looking in links: /cvmfs/soft.computecanada.ca/custom/python/wheelhouse/gentoo/avx2, /cvmfs/soft.computecanada.ca/custom/python/wheelhouse/gentoo/generic, /cvmfs/soft.computecanada.ca/custom/python/wheelhouse/generic
Processing /cvmfs/soft.computecanada.ca/custom/python/wheelhouse/generic/kaleido-0.2.1+computecanada-py2.py3-none-linux_x86_64.whl
Installing collected packages: kaleido
Successfully installed kaleido-0.2.1+computecanada
List all packages
Package                            Version
---------------------------------- ----------------------------
absl_py                            1.4.0+computecanada
anyio                              3.6.2+computecanada
arch                               4.19+computecanada
arff                               0.9+computecanada
argon2_cffi                        21.3.0+computecanada
argon2_cffi_bindings               21.2.0+computecanada
asteval                            0.9.29
asttokens                          2.2.1+computecanada
astunparse                         1.6.3+computecanada
async_generator                    1.10+computecanada
attrs                              21.4.0+computecanada
backcall                           0.2.0+computecanada
backports_abc                      0.5+computecanada
backports.shutil_get_terminal_size 1.0.0+computecanada
bcrypt                             3.2.0+computecanada
beautifulsoup4                     4.11.2+computecanada
bitstring                          3.1.9+computecanada
bleach                             4.1.0+computecanada
cachetools                         5.3.0+computecanada
certifi                            2021.10.8+computecanada
cffi                               1.15.0+computecanada
chardet                            4.0.0+computecanada
charset_normalizer                 2.0.11+computecanada
comm                               0.1.2+computecanada
contourpy                          1.0.7+computecanada
cryptography                       36.0.1+computecanada
cycler                             0.11.0+computecanada
Cython                             0.29.27+computecanada
deap                               1.0.1+computecanada
debugpy                            1.6.6+computecanada
decorator                          5.1.1+computecanada
defusedxml                         0.7.1+computecanada
deprecation                        2.1.0+computecanada
dnspython                          2.2.0+computecanada
ecdsa                              0.17.0+computecanada
entrypoints                        0.4+computecanada
ewstools                           2.1.0
executing                          1.2.0+computecanada
fastjsonschema                     2.16.2+computecanada
flatbuffers                        20190709135844+computecanada
fonttools                          4.29.1+computecanada
funcsigs                           1.0.2+computecanada
future                             0.18.2+computecanada
gast                               0.4.0+computecanada
google-auth                        2.16.2
google_auth_oauthlib               0.4.6+computecanada
google-pasta                       0.2.0+computecanada
grpcio                             1.51.3+computecanada
h5py                               3.7.0+computecanada
idna                               3.3+computecanada
importlib_metadata                 4.10.1+computecanada
importlib_resources                5.4.0+computecanada
ipykernel                          6.21.2+computecanada
ipython                            8.10.0+computecanada
ipython_genutils                   0.2.0+computecanada
ipywidgets                         7.6.5+computecanada
jedi                               0.18.2+computecanada
Jinja2                             3.0.3+computecanada
joblib                             1.2.0+computecanada
jsonschema                         4.4.0+computecanada
jupyter_client                     8.0.3+computecanada
jupyter_core                       5.2.0+computecanada
jupyter_events                     0.6.3+computecanada
jupyter_server                     2.3.0+computecanada
jupyter_server_terminals           0.4.4+computecanada
jupyterlab_pygments                0.1.2+computecanada
jupyterlab_widgets                 1.0.2+computecanada
kaleido                            0.2.1+computecanada
keras                              2.11.0+computecanada
kiwisolver                         1.3.2+computecanada
libclang                           14.0.1+computecanada
lmfit                              1.1.0
lockfile                           0.12.2+computecanada
Markdown                           3.4.1+computecanada
MarkupSafe                         2.1.2+computecanada
matplotlib                         3.5.1+computecanada
matplotlib_inline                  0.1.6+computecanada
mistune                            0.8.4+computecanada
mock                               4.0.3+computecanada
mpmath                             1.2.1+computecanada
nbclassic                          0.5.2+computecanada
nbclient                           0.5.10+computecanada
nbconvert                          6.4.2+computecanada
nbformat                           5.1.3+computecanada
nest_asyncio                       1.5.4+computecanada
netaddr                            0.8.0+computecanada
netifaces                          0.11.0+computecanada
nose                               1.3.7+computecanada
notebook                           6.4.8+computecanada
notebook_shim                      0.2.2+computecanada
numpy                              1.24.2+computecanada
oauthlib                           3.2.2+computecanada
opt-einsum                         3.3.0+computecanada
packaging                          21.3+computecanada
pandas                             1.4.0+computecanada
pandocfilters                      1.5.0+computecanada
paramiko                           2.9.2+computecanada
parso                              0.8.3+computecanada
path                               16.3.0+computecanada
path.py                            12.5.0+computecanada
pathlib2                           2.3.6+computecanada
patsy                              0.5.3+computecanada
paycheck                           1.0.2+computecanada
pbr                                5.8.1+computecanada
pexpect                            4.8.0+computecanada
pickleshare                        0.7.5+computecanada
Pillow                             9.0.1+computecanada
pip                                23.0+computecanada
pkgutil_resolve_name               1.3.10+computecanada
platformdirs                       2.5.2+computecanada
plotly                             5.13.1
prometheus_client                  0.13.1+computecanada
prompt_toolkit                     3.0.37+computecanada
property-cached                    1.6.4+computecanada
protobuf                           3.19.6
psutil                             5.9.4+computecanada
ptyprocess                         0.7.0+computecanada
pure_eval                          0.2.2+computecanada
pyarrow                            10.0.1
pyasn1                             0.4.8+computecanada
pyasn1-modules                     0.2.8+computecanada
pycparser                          2.21+computecanada
Pygments                           2.14.0+computecanada
PyNaCl                             1.5.0+computecanada
pyparsing                          3.0.7+computecanada
pyrsistent                         0.18.1+computecanada
python-dateutil                    2.8.2+computecanada
python_json_logger                 2.0.7+computecanada
pytz                               2021.3+computecanada
PyYAML                             6.0+computecanada
pyzmq                              25.0.0+computecanada
requests                           2.27.1+computecanada
requests_oauthlib                  1.3.1+computecanada
rfc3339_validator                  0.1.4+computecanada
rfc3986_validator                  0.1.1+computecanada
rsa                                4.9+computecanada
scikit_learn                       1.2.1+computecanada
scipy                              1.8.0+computecanada
seaborn                            0.12.2
Send2Trash                         1.8.0+computecanada
setuptools                         46.1.3
simplegeneric                      0.8.1+computecanada
singledispatch                     3.7.0+computecanada
six                                1.16.0+computecanada
sniffio                            1.3.0+computecanada
soupsieve                          2.4+computecanada
stack_data                         0.6.2+computecanada
statsmodels                        0.13.5+computecanada
sympy                              1.9+computecanada
tenacity                           8.2.2
tensorboard                        2.11.2+computecanada
tensorboard-data-server            0.6.1+computecanada
tensorboard_plugin_wit             1.8.1+computecanada
tensorflow                         2.11.0+computecanada
tensorflow_estimator               2.11.0+computecanada
tensorflow_io_gcs_filesystem       0.26.0+computecanada
termcolor                          2.2.0
terminado                          0.13.1+computecanada
testpath                           0.5.0+computecanada
threadpoolctl                      3.1.0+computecanada
tinycss2                           1.2.1+computecanada
tornado                            6.2+computecanada
traitlets                          5.9.0+computecanada
typing_extensions                  4.0.1+computecanada
uncertainties                      3.1.7
urllib3                            1.26.8+computecanada
wcwidth                            0.2.6+computecanada
webencodings                       0.5.1+computecanada
websocket_client                   1.5.1+computecanada
Werkzeug                           2.2.3+computecanada
wheel                              0.34.2
widgetsnbextension                 3.5.2+computecanada
wrapt                              1.15.0+computecanada
zipp                               3.7.0+computecanada
-----
 Running code repository with NSIMS=10000, NEPOCHS=200, MODEL_SIMS=2500, INC=5  
-----
-----
 Get F1 scores on test data 
-----
2023-03-11 17:32:19.159817: I tensorflow/core/platform/cpu_feature_guard.cc:193] This TensorFlow binary is optimized with oneAPI Deep Neural Network Library (oneDNN) to use the following CPU instructions in performance-critical operations:  AVX2 FMA
To enable them in other operations, rebuild TensorFlow with the appropriate compiler flags.
2023-03-11 17:32:20.554776: W tensorflow/compiler/xla/stream_executor/platform/default/dso_loader.cc:64] Could not load dynamic library 'libnvinfer.so.7'; dlerror: libnvinfer.so.7: cannot open shared object file: No such file or directory
2023-03-11 17:32:20.555621: W tensorflow/compiler/xla/stream_executor/platform/default/dso_loader.cc:64] Could not load dynamic library 'libnvinfer_plugin.so.7'; dlerror: libnvinfer_plugin.so.7: cannot open shared object file: No such file or directory
2023-03-11 17:32:20.555706: W tensorflow/compiler/tf2tensorrt/utils/py_utils.cc:38] TF-TRT Warning: Cannot dlopen some TensorRT libraries. If you would like to use Nvidia GPU with TensorRT, please make sure the missing libraries mentioned above are installed properly.
2023-03-11 17:32:25.431117: I tensorflow/core/platform/cpu_feature_guard.cc:193] This TensorFlow binary is optimized with oneAPI Deep Neural Network Library (oneDNN) to use the following CPU instructions in performance-critical operations:  AVX2 FMA
To enable them in other operations, rebuild TensorFlow with the appropriate compiler flags.
2023-03-11 17:32:26.162444: I tensorflow/core/common_runtime/gpu/gpu_device.cc:1613] Created device /job:localhost/replica:0/task:0/device:GPU:0 with 11306 MB memory:  -> device: 0, name: Tesla P100-PCIE-12GB, pci bus id: 0000:03:00.0, compute capability: 6.0
Traceback (most recent call last):
  File "dl_test.py", line 102, in <module>
    df_test = pd.read_parquet(filepath_data+'df_train.parquet')
  File "/cvmfs/soft.computecanada.ca/easybuild/software/2020/avx2/Core/scipy-stack/2022a/lib/python3.8/site-packages/pandas/io/parquet.py", line 493, in read_parquet
    return impl.read(
  File "/cvmfs/soft.computecanada.ca/easybuild/software/2020/avx2/Core/scipy-stack/2022a/lib/python3.8/site-packages/pandas/io/parquet.py", line 233, in read
    path_or_handle, handles, kwargs["filesystem"] = _get_path_or_handle(
  File "/cvmfs/soft.computecanada.ca/easybuild/software/2020/avx2/Core/scipy-stack/2022a/lib/python3.8/site-packages/pandas/io/parquet.py", line 102, in _get_path_or_handle
    handles = get_handle(
  File "/cvmfs/soft.computecanada.ca/easybuild/software/2020/avx2/Core/scipy-stack/2022a/lib/python3.8/site-packages/pandas/io/common.py", line 798, in get_handle
    handle = open(handle, ioargs.mode)
FileNotFoundError: [Errno 2] No such file or directory: '../../data/df_train.parquet'
-----
 Make Sup Fig 2 - example training simulations 
-----
-----
 Make Sup Fig 3 - example model test simulations 
-----
-----
 Test DL classifier and EWS on Fox model 
-----
2023-03-11 17:33:17.835969: I tensorflow/core/platform/cpu_feature_guard.cc:193] This TensorFlow binary is optimized with oneAPI Deep Neural Network Library (oneDNN) to use the following CPU instructions in performance-critical operations:  AVX2 FMA
To enable them in other operations, rebuild TensorFlow with the appropriate compiler flags.
2023-03-11 17:33:19.239733: W tensorflow/compiler/xla/stream_executor/platform/default/dso_loader.cc:64] Could not load dynamic library 'libnvinfer.so.7'; dlerror: libnvinfer.so.7: cannot open shared object file: No such file or directory
2023-03-11 17:33:19.240138: W tensorflow/compiler/xla/stream_executor/platform/default/dso_loader.cc:64] Could not load dynamic library 'libnvinfer_plugin.so.7'; dlerror: libnvinfer_plugin.so.7: cannot open shared object file: No such file or directory
2023-03-11 17:33:19.240233: W tensorflow/compiler/tf2tensorrt/utils/py_utils.cc:38] TF-TRT Warning: Cannot dlopen some TensorRT libraries. If you would like to use Nvidia GPU with TensorRT, please make sure the missing libraries mentioned above are installed properly.
2023-03-11 17:33:23.730263: I tensorflow/core/platform/cpu_feature_guard.cc:193] This TensorFlow binary is optimized with oneAPI Deep Neural Network Library (oneDNN) to use the following CPU instructions in performance-critical operations:  AVX2 FMA
To enable them in other operations, rebuild TensorFlow with the appropriate compiler flags.
2023-03-11 17:33:24.468844: I tensorflow/core/common_runtime/gpu/gpu_device.cc:1613] Created device /job:localhost/replica:0/task:0/device:GPU:0 with 11306 MB memory:  -> device: 0, name: Tesla P100-PCIE-12GB, pci bus id: 0000:03:00.0, compute capability: 6.0
2023-03-11 17:34:00.306580: I tensorflow/compiler/xla/stream_executor/cuda/cuda_dnn.cc:428] Loaded cuDNN version 8200
2023-03-11 17:34:00.753851: W tensorflow/compiler/xla/stream_executor/gpu/asm_compiler.cc:115] *** WARNING *** You are using ptxas 11.0.194, which is older than 11.1. ptxas before 11.1 is known to miscompile XLA code, leading to incorrect results or invalid-address errors.

You may not need to update to CUDA 11.1; cherry-picking the ptxas binary is often sufficient.
Running for 2500 sims
TF models loaded
Simulate forced trajectories and compute EWS
Complete for rof=0.2
Complete for rof=0.25
Complete for rof=0.3333333333333333
Complete for rof=0.5
Complete for rof=1.0
Script took 1455.95 seconds
Compute ROC curves
Exported bifurcation count data to output/df_fav_bif.csv
Exported ROC data to output/df_roc.csv
-----
 Test DL classifier and EWS on Westerhoff model 
-----
2023-03-11 17:57:39.379658: I tensorflow/core/platform/cpu_feature_guard.cc:193] This TensorFlow binary is optimized with oneAPI Deep Neural Network Library (oneDNN) to use the following CPU instructions in performance-critical operations:  AVX2 FMA
To enable them in other operations, rebuild TensorFlow with the appropriate compiler flags.
2023-03-11 17:57:40.804394: W tensorflow/compiler/xla/stream_executor/platform/default/dso_loader.cc:64] Could not load dynamic library 'libnvinfer.so.7'; dlerror: libnvinfer.so.7: cannot open shared object file: No such file or directory
2023-03-11 17:57:40.805341: W tensorflow/compiler/xla/stream_executor/platform/default/dso_loader.cc:64] Could not load dynamic library 'libnvinfer_plugin.so.7'; dlerror: libnvinfer_plugin.so.7: cannot open shared object file: No such file or directory
2023-03-11 17:57:40.805439: W tensorflow/compiler/tf2tensorrt/utils/py_utils.cc:38] TF-TRT Warning: Cannot dlopen some TensorRT libraries. If you would like to use Nvidia GPU with TensorRT, please make sure the missing libraries mentioned above are installed properly.
2023-03-11 17:57:45.377888: I tensorflow/core/platform/cpu_feature_guard.cc:193] This TensorFlow binary is optimized with oneAPI Deep Neural Network Library (oneDNN) to use the following CPU instructions in performance-critical operations:  AVX2 FMA
To enable them in other operations, rebuild TensorFlow with the appropriate compiler flags.
2023-03-11 17:57:46.107315: I tensorflow/core/common_runtime/gpu/gpu_device.cc:1613] Created device /job:localhost/replica:0/task:0/device:GPU:0 with 11306 MB memory:  -> device: 0, name: Tesla P100-PCIE-12GB, pci bus id: 0000:03:00.0, compute capability: 6.0
slurmstepd: error: *** JOB 62294031 ON cdr348 CANCELLED AT 2023-03-11T17:58:17 ***
